Build started 13.3.2014 9:28:50.
     1>Project "C:\peliohjelmointi\defenceSolution\defence\defence.vcxproj" on node 2 (Build target(s)).
     1>ClCompile:
         C:\Program Files (x86)\Microsoft Visual Studio 12.0\VC\bin\CL.exe /c /IC:\peliohjelmointi\defenceSolution\defence\\include /ZI /nologo /W3 /WX- /sdl /Od /Oy- /D _MBCS /Gm /EHsc /RTC1 /MD /GS /fp:precise /Zc:wchar_t /Zc:forScope /Fo"Debug\\" /Fd"Debug\vc120.pdb" /Gd /TP /analyze- /errorReport:prompt System.cpp main.cpp
         System.cpp
     1>c:\peliohjelmointi\defencesolution\defence\system.cpp(124): warning C4244: 'argument' : conversion from 'float' to 'Uint32', possible loss of data
     1>c:\peliohjelmointi\defencesolution\defence\system.cpp(130): warning C4101: 'modstate' : unreferenced local variable
     1>c:\peliohjelmointi\defencesolution\defence\system.cpp(184): warning C4101: 'tmppoint' : unreferenced local variable
         Generating Code...
         Compiling...
         main.cpp
         Generating Code...
       Link:
         C:\Program Files (x86)\Microsoft Visual Studio 12.0\VC\bin\link.exe /ERRORREPORT:PROMPT /OUT:"C:\peliohjelmointi\defenceSolution\Debug\defence.exe" /INCREMENTAL /NOLOGO /LIBPATH:C:\peliohjelmointi\defenceSolution\defence\\lib SDL2.lib SDL2main.lib SDL2_image.lib SDL2_ttf.lib SDL2.lib SDL2main.lib SDL2.lib SDL2main.lib kernel32.lib user32.lib gdi32.lib winspool.lib comdlg32.lib advapi32.lib shell32.lib ole32.lib oleaut32.lib uuid.lib odbc32.lib odbccp32.lib /MANIFEST /MANIFESTUAC:"level='asInvoker' uiAccess='false'" /manifest:embed /DEBUG /PDB:"C:\peliohjelmointi\defenceSolution\Debug\defence.pdb" /SUBSYSTEM:CONSOLE /TLBID:1 /DYNAMICBASE /NXCOMPAT /IMPLIB:"C:\peliohjelmointi\defenceSolution\Debug\defence.lib" /MACHINE:X86 Debug\Bullet.obj
         Debug\main.obj
         Debug\System.obj
         Debug\Tiili.obj
         Debug\TileMap.obj
         Debug\Tower.obj
         defence.vcxproj -> C:\peliohjelmointi\defenceSolution\Debug\defence.exe
     1>Done Building Project "C:\peliohjelmointi\defenceSolution\defence\defence.vcxproj" (Build target(s)).

Build succeeded.

Time Elapsed 00:00:04.72
