Z:\PELIOHJELMOINTI\PROJEKTI\DEFENCESOLUTION\DEBUG\DEFENCE.ILK
Z:\PELIOHJELMOINTI\PROJEKTI\DEFENCESOLUTION\DEBUG\DEFENCE.EXE
Z:\PELIOHJELMOINTI\PROJEKTI\DEFENCESOLUTION\DEBUG\DEFENCE.PDB
Z:\PELIOHJELMOINTI\PROJEKTI\DEFENCESOLUTION\DEFENCE\DEBUG\TOWER.OBJ
Z:\PELIOHJELMOINTI\PROJEKTI\DEFENCESOLUTION\DEFENCE\DEBUG\MAIN.OBJ
Z:\PELIOHJELMOINTI\PROJEKTI\DEFENCESOLUTION\DEFENCE\DEBUG\VC110.PDB
Z:\PELIOHJELMOINTI\PROJEKTI\DEFENCESOLUTION\DEFENCE\DEBUG\BULLET.OBJ
Z:\PELIOHJELMOINTI\PROJEKTI\DEFENCESOLUTION\DEFENCE\DEBUG\SYSTEM.OBJ
Z:\PELIOHJELMOINTI\PROJEKTI\DEFENCESOLUTION\DEFENCE\DEBUG\TIILI.OBJ
Z:\PELIOHJELMOINTI\PROJEKTI\DEFENCESOLUTION\DEFENCE\DEBUG\TILEMAP.OBJ
Z:\PELIOHJELMOINTI\PROJEKTI\DEFENCESOLUTION\DEFENCE\DEBUG\ENEMY.OBJ
Z:\PELIOHJELMOINTI\PROJEKTI\DEFENCESOLUTION\DEFENCE\DEBUG\CONTROLLER.OBJ
Z:\Peliohjelmointi\Projekti\defenceSolution\defence\Debug\Tower.obj
Z:\Peliohjelmointi\Projekti\defenceSolution\defence\Debug\Controller.obj
Z:\Peliohjelmointi\Projekti\defenceSolution\defence\Debug\Bullet.obj
Z:\Peliohjelmointi\Projekti\defenceSolution\defence\Debug\main.obj
Z:\Peliohjelmointi\Projekti\defenceSolution\defence\Debug\TileMap.obj
Z:\Peliohjelmointi\Projekti\defenceSolution\defence\Debug\Tiili.obj
Z:\Peliohjelmointi\Projekti\defenceSolution\defence\Debug\Enemy.obj
Z:\Peliohjelmointi\Projekti\defenceSolution\defence\Debug\System.obj
Z:\Peliohjelmointi\Projekti\defenceSolution\defence\Debug\CL.read.1.tlog
Z:\Peliohjelmointi\Projekti\defenceSolution\defence\Debug\link.5492.read.1.tlog
Z:\Peliohjelmointi\Projekti\defenceSolution\defence\Debug\link-rc.read.1.tlog
Z:\Peliohjelmointi\Projekti\defenceSolution\defence\Debug\link-rc.write.1.tlog
Z:\Peliohjelmointi\Projekti\defenceSolution\defence\Debug\link-cvtres.read.1.tlog
Z:\Peliohjelmointi\Projekti\defenceSolution\defence\Debug\link.5492.write.1.tlog
Z:\Peliohjelmointi\Projekti\defenceSolution\defence\Debug\link-cvtres.write.1.tlog
Z:\Peliohjelmointi\Projekti\defenceSolution\defence\Debug\link.write.1.tlog
Z:\Peliohjelmointi\Projekti\defenceSolution\defence\Debug\link.5492-rc.write.1.tlog
Z:\Peliohjelmointi\Projekti\defenceSolution\defence\Debug\link.5492-rc.read.1.tlog
Z:\Peliohjelmointi\Projekti\defenceSolution\defence\Debug\link.read.1.tlog
Z:\Peliohjelmointi\Projekti\defenceSolution\defence\Debug\cl.command.1.tlog
Z:\Peliohjelmointi\Projekti\defenceSolution\defence\Debug\link.5492-cvtres.write.1.tlog
Z:\Peliohjelmointi\Projekti\defenceSolution\defence\Debug\link.5492-cvtres.read.1.tlog
Z:\Peliohjelmointi\Projekti\defenceSolution\defence\Debug\link.command.1.tlog
Z:\Peliohjelmointi\Projekti\defenceSolution\defence\Debug\CL.write.1.tlog
Z:\Peliohjelmointi\Projekti\defenceSolution\defence\Debug\vc110.idb
Z:\Peliohjelmointi\Projekti\defenceSolution\defence\Debug\vc110.pdb
Z:\Peliohjelmointi\Projekti\defenceSolution\Debug\defence.pdb
