Z:\PELIOHJELMOINTI\PELIOHJELMOINTI-MASTER\DEFENCESOLUTION\DEBUG\DEFENCE.PDB
Z:\PELIOHJELMOINTI\PELIOHJELMOINTI-MASTER\DEFENCESOLUTION\DEFENCE\DEBUG\MAIN.OBJ
Z:\PELIOHJELMOINTI\PELIOHJELMOINTI-MASTER\DEFENCESOLUTION\DEFENCE\DEBUG\SYSTEM.OBJ
Z:\PELIOHJELMOINTI\PELIOHJELMOINTI-MASTER\DEFENCESOLUTION\DEFENCE\DEBUG\TIILI.OBJ
Z:\PELIOHJELMOINTI\PELIOHJELMOINTI-MASTER\DEFENCESOLUTION\DEFENCE\DEBUG\TILEMAP.OBJ
Z:\PELIOHJELMOINTI\PELIOHJELMOINTI-MASTER\DEFENCESOLUTION\DEFENCE\DEBUG\UI.OBJ
Z:\PELIOHJELMOINTI\PELIOHJELMOINTI-MASTER\DEFENCESOLUTION\DEFENCE\DEBUG\VC110.PDB
Z:\Peliohjelmointi\peliohjelmointi-master\defenceSolution\defence\Debug\Tiili.obj
Z:\Peliohjelmointi\peliohjelmointi-master\defenceSolution\defence\Debug\main.obj
Z:\Peliohjelmointi\peliohjelmointi-master\defenceSolution\defence\Debug\System.obj
Z:\Peliohjelmointi\peliohjelmointi-master\defenceSolution\defence\Debug\ui.obj
Z:\Peliohjelmointi\peliohjelmointi-master\defenceSolution\defence\Debug\TileMap.obj
Z:\Peliohjelmointi\peliohjelmointi-master\defenceSolution\defence\Debug\link-rc.write.1.tlog
Z:\Peliohjelmointi\peliohjelmointi-master\defenceSolution\defence\Debug\link.1804-cvtres.read.1.tlog
Z:\Peliohjelmointi\peliohjelmointi-master\defenceSolution\defence\Debug\link.1804-cvtres.write.1.tlog
Z:\Peliohjelmointi\peliohjelmointi-master\defenceSolution\defence\Debug\link.1804-rc.read.1.tlog
Z:\Peliohjelmointi\peliohjelmointi-master\defenceSolution\defence\Debug\link.1804-rc.write.1.tlog
Z:\Peliohjelmointi\peliohjelmointi-master\defenceSolution\defence\Debug\link.1804.read.1.tlog
Z:\Peliohjelmointi\peliohjelmointi-master\defenceSolution\defence\Debug\link.1804.write.1.tlog
Z:\Peliohjelmointi\peliohjelmointi-master\defenceSolution\defence\Debug\link.1904-cvtres.read.1.tlog
Z:\Peliohjelmointi\peliohjelmointi-master\defenceSolution\defence\Debug\link.1904-cvtres.write.1.tlog
Z:\Peliohjelmointi\peliohjelmointi-master\defenceSolution\defence\Debug\link.1904-rc.read.1.tlog
Z:\Peliohjelmointi\peliohjelmointi-master\defenceSolution\defence\Debug\link.1904-rc.write.1.tlog
Z:\Peliohjelmointi\peliohjelmointi-master\defenceSolution\defence\Debug\link.1904.read.1.tlog
Z:\Peliohjelmointi\peliohjelmointi-master\defenceSolution\defence\Debug\link.1904.write.1.tlog
Z:\Peliohjelmointi\peliohjelmointi-master\defenceSolution\defence\Debug\link.3736-cvtres.read.1.tlog
Z:\Peliohjelmointi\peliohjelmointi-master\defenceSolution\defence\Debug\link.3736-cvtres.write.1.tlog
Z:\Peliohjelmointi\peliohjelmointi-master\defenceSolution\defence\Debug\link.3736-rc.read.1.tlog
Z:\Peliohjelmointi\peliohjelmointi-master\defenceSolution\defence\Debug\link.3736-rc.write.1.tlog
Z:\Peliohjelmointi\peliohjelmointi-master\defenceSolution\defence\Debug\link.3736.read.1.tlog
Z:\Peliohjelmointi\peliohjelmointi-master\defenceSolution\defence\Debug\link.3736.write.1.tlog
Z:\Peliohjelmointi\peliohjelmointi-master\defenceSolution\defence\Debug\link.4240-cvtres.read.1.tlog
Z:\Peliohjelmointi\peliohjelmointi-master\defenceSolution\defence\Debug\link.4240-cvtres.write.1.tlog
Z:\Peliohjelmointi\peliohjelmointi-master\defenceSolution\defence\Debug\link.4240-rc.read.1.tlog
Z:\Peliohjelmointi\peliohjelmointi-master\defenceSolution\defence\Debug\link.4240-rc.write.1.tlog
Z:\Peliohjelmointi\peliohjelmointi-master\defenceSolution\defence\Debug\link.4240.read.1.tlog
Z:\Peliohjelmointi\peliohjelmointi-master\defenceSolution\defence\Debug\link.4240.write.1.tlog
Z:\Peliohjelmointi\peliohjelmointi-master\defenceSolution\defence\Debug\link.5512-cvtres.read.1.tlog
Z:\Peliohjelmointi\peliohjelmointi-master\defenceSolution\defence\Debug\link.5512-cvtres.write.1.tlog
Z:\Peliohjelmointi\peliohjelmointi-master\defenceSolution\defence\Debug\link.5512-rc.read.1.tlog
Z:\Peliohjelmointi\peliohjelmointi-master\defenceSolution\defence\Debug\link.5512-rc.write.1.tlog
Z:\Peliohjelmointi\peliohjelmointi-master\defenceSolution\defence\Debug\link.5512.read.1.tlog
Z:\Peliohjelmointi\peliohjelmointi-master\defenceSolution\defence\Debug\link.5512.write.1.tlog
Z:\Peliohjelmointi\peliohjelmointi-master\defenceSolution\defence\Debug\link.6208-cvtres.read.1.tlog
Z:\Peliohjelmointi\peliohjelmointi-master\defenceSolution\defence\Debug\link.6208-cvtres.write.1.tlog
Z:\Peliohjelmointi\peliohjelmointi-master\defenceSolution\defence\Debug\link.6208-rc.read.1.tlog
Z:\Peliohjelmointi\peliohjelmointi-master\defenceSolution\defence\Debug\link.6208-rc.write.1.tlog
Z:\Peliohjelmointi\peliohjelmointi-master\defenceSolution\defence\Debug\link.6208.read.1.tlog
Z:\Peliohjelmointi\peliohjelmointi-master\defenceSolution\defence\Debug\link.6208.write.1.tlog
Z:\Peliohjelmointi\peliohjelmointi-master\defenceSolution\defence\Debug\link.6384-cvtres.read.1.tlog
Z:\Peliohjelmointi\peliohjelmointi-master\defenceSolution\defence\Debug\link.6384-cvtres.write.1.tlog
Z:\Peliohjelmointi\peliohjelmointi-master\defenceSolution\defence\Debug\link.6384-rc.read.1.tlog
Z:\Peliohjelmointi\peliohjelmointi-master\defenceSolution\defence\Debug\link.6384-rc.write.1.tlog
Z:\Peliohjelmointi\peliohjelmointi-master\defenceSolution\defence\Debug\link.6384.read.1.tlog
Z:\Peliohjelmointi\peliohjelmointi-master\defenceSolution\defence\Debug\link.6384.write.1.tlog
Z:\Peliohjelmointi\peliohjelmointi-master\defenceSolution\defence\Debug\link.6620-cvtres.read.1.tlog
Z:\Peliohjelmointi\peliohjelmointi-master\defenceSolution\defence\Debug\link.6620-cvtres.write.1.tlog
Z:\Peliohjelmointi\peliohjelmointi-master\defenceSolution\defence\Debug\link.6620-rc.read.1.tlog
Z:\Peliohjelmointi\peliohjelmointi-master\defenceSolution\defence\Debug\link.6620-rc.write.1.tlog
Z:\Peliohjelmointi\peliohjelmointi-master\defenceSolution\defence\Debug\link.6620.read.1.tlog
Z:\Peliohjelmointi\peliohjelmointi-master\defenceSolution\defence\Debug\link.6620.write.1.tlog
Z:\Peliohjelmointi\peliohjelmointi-master\defenceSolution\defence\Debug\link.6752-cvtres.read.1.tlog
Z:\Peliohjelmointi\peliohjelmointi-master\defenceSolution\defence\Debug\link.6752-cvtres.write.1.tlog
Z:\Peliohjelmointi\peliohjelmointi-master\defenceSolution\defence\Debug\link.6752-rc.read.1.tlog
Z:\Peliohjelmointi\peliohjelmointi-master\defenceSolution\defence\Debug\link.6752-rc.write.1.tlog
Z:\Peliohjelmointi\peliohjelmointi-master\defenceSolution\defence\Debug\link.6752.read.1.tlog
Z:\Peliohjelmointi\peliohjelmointi-master\defenceSolution\defence\Debug\link.6752.write.1.tlog
Z:\Peliohjelmointi\peliohjelmointi-master\defenceSolution\defence\Debug\link.command.1.tlog
Z:\Peliohjelmointi\peliohjelmointi-master\defenceSolution\defence\Debug\link.write.1.tlog
Z:\Peliohjelmointi\peliohjelmointi-master\defenceSolution\defence\Debug\cl.command.1.tlog
Z:\Peliohjelmointi\peliohjelmointi-master\defenceSolution\defence\Debug\link-cvtres.read.1.tlog
Z:\Peliohjelmointi\peliohjelmointi-master\defenceSolution\defence\Debug\link-cvtres.write.1.tlog
Z:\Peliohjelmointi\peliohjelmointi-master\defenceSolution\defence\Debug\link-rc.read.1.tlog
Z:\Peliohjelmointi\peliohjelmointi-master\defenceSolution\defence\Debug\link.read.1.tlog
Z:\Peliohjelmointi\peliohjelmointi-master\defenceSolution\defence\Debug\CL.write.1.tlog
Z:\Peliohjelmointi\peliohjelmointi-master\defenceSolution\defence\Debug\CL.read.1.tlog
Z:\Peliohjelmointi\peliohjelmointi-master\defenceSolution\defence\Debug\vc110.idb
Z:\Peliohjelmointi\peliohjelmointi-master\defenceSolution\defence\Debug\vc110.pdb
Z:\Peliohjelmointi\peliohjelmointi-master\defenceSolution\Debug\defence.pdb
Z:\Peliohjelmointi\peliohjelmointi-master\defenceSolution\Debug\defence.exe
Z:\Peliohjelmointi\peliohjelmointi-master\defenceSolution\Debug\defence.ilk
